SF:lib/features/merchant/domain/entities/address_entity.freezed.dart
DA:10,0
DA:12,0
DA:17,1
DA:19,0
DA:25,0
DA:40,0
DA:41,0
DA:42,0
DA:43,0
DA:44,0
DA:46,0
DA:48,0
DA:67,0
DA:73,0
DA:81,0
DA:82,0
DA:83,0
DA:86,0
DA:87,0
DA:90,0
DA:91,0
DA:94,0
DA:95,0
DA:98,0
DA:99,0
DA:125,0
DA:127,0
DA:129,0
DA:130,0
DA:132,0
DA:140,0
DA:141,0
DA:142,0
DA:145,0
DA:146,0
DA:149,0
DA:150,0
DA:153,0
DA:154,0
DA:157,0
DA:158,0
DA:168,1
DA:182,1
DA:184,6
DA:187,0
DA:190,0
DA:191,0
DA:192,0
DA:193,0
DA:194,0
DA:195,0
DA:197,0
DA:198,0
DA:199,0
DA:200,0
DA:201,0
DA:204,0
DA:206,0
DA:207,0
DA:208,0
DA:209,0
DA:210,0
DA:211,0
DA:213,0
DA:216,0
DA:227,0
DA:228,0
DA:229,0
DA:230,0
DA:231,0
DA:232,0
DA:233,0
DA:234,0
DA:235,0
DA:236,0
DA:237,0
DA:240,0
LF:77
LH:4
end_of_record
SF:lib/features/merchant/domain/entities/merchant_entity.freezed.dart
DA:10,0
DA:12,0
DA:17,1
DA:19,0
DA:25,0
DA:40,0
DA:41,0
DA:42,0
DA:43,0
DA:44,0
DA:46,0
DA:48,0
DA:69,0
DA:75,0
DA:83,0
DA:84,0
DA:85,0
DA:88,0
DA:89,0
DA:92,0
DA:93,0
DA:96,0
DA:97,0
DA:100,0
DA:101,0
DA:107,0
DA:109,0
DA:113,0
DA:114,0
DA:141,0
DA:143,0
DA:145,0
DA:146,0
DA:148,0
DA:156,0
DA:157,0
DA:158,0
DA:161,0
DA:162,0
DA:165,0
DA:166,0
DA:169,0
DA:170,0
DA:173,0
DA:174,0
DA:184,1
DA:204,1
DA:206,6
DA:209,0
DA:212,0
DA:213,0
DA:214,0
DA:215,0
DA:217,0
DA:218,0
DA:219,0
DA:220,0
DA:222,0
DA:223,0
DA:224,0
DA:227,0
DA:229,0
DA:230,0
DA:231,0
DA:232,0
DA:233,0
DA:234,0
DA:236,0
DA:239,0
DA:250,0
DA:251,0
DA:252,0
DA:253,0
DA:254,0
DA:255,0
DA:256,0
DA:257,0
DA:258,0
DA:259,0
DA:260,0
DA:263,0
LF:81
LH:4
end_of_record
SF:lib/features/merchant/presentation/manager/merchants_details_cubit.dart
DA:9,1
DA:11,1
DA:12,1
DA:13,1
DA:14,2
DA:15,4
DA:16,2
DA:17,2
DA:20,1
DA:21,0
DA:22,0
LF:11
LH:9
end_of_record
SF:lib/features/merchant/data/remote/data_sources/merchant_client.g.dart
DA:10,0
DA:17,0
DA:19,0
DA:20,0
DA:21,0
DA:22,0
DA:23,0
DA:24,0
DA:26,0
DA:27,0
DA:32,0
DA:34,0
DA:38,0
DA:39,0
DA:40,0
DA:41,0
DA:42,0
DA:44,0
DA:45,0
DA:49,0
DA:50,0
DA:51,0
DA:52,0
DA:53,0
DA:54,0
DA:56,0
LF:26
LH:0
end_of_record
SF:lib/features/merchant/data/remote/models/merchant_response.freezed.dart
DA:10,0
DA:12,0
DA:15,0
DA:16,0
DA:21,1
DA:23,0
DA:28,0
DA:36,0
DA:37,0
DA:46,0
DA:47,0
DA:48,0
DA:49,0
DA:50,0
DA:51,0
DA:52,0
DA:53,0
DA:55,0
DA:56,0
DA:58,0
DA:76,0
DA:82,0
DA:89,0
DA:90,0
DA:91,0
DA:94,0
DA:95,0
DA:98,0
DA:99,0
DA:102,0
DA:103,0
DA:128,0
DA:130,0
DA:132,0
DA:133,0
DA:135,0
DA:142,0
DA:143,0
DA:144,0
DA:147,0
DA:148,0
DA:151,0
DA:152,0
DA:155,0
DA:156,0
DA:166,0
DA:172,0
DA:173,0
DA:188,0
DA:190,0
DA:193,0
DA:196,0
DA:197,0
DA:199,0
DA:200,0
DA:201,0
DA:202,0
DA:203,0
DA:204,0
DA:205,0
DA:208,0
DA:210,0
DA:211,0
DA:212,0
DA:213,0
DA:214,0
DA:216,0
DA:219,0
DA:221,0
DA:223,0
DA:237,0
DA:239,0
DA:240,0
DA:242,0
DA:243,0
DA:245,0
DA:246,0
DA:248,0
DA:249,0
DA:252,0
LF:80
LH:1
end_of_record
SF:lib/features/merchant/data/remote/models/merchant_response.dart
DA:17,0
DA:18,0
LF:2
LH:0
end_of_record
SF:lib/features/merchant/data/remote/models/merchant_response.g.dart
DA:9,0
DA:10,0
DA:11,0
DA:12,0
DA:13,0
DA:14,0
DA:15,0
DA:16,0
DA:20,0
DA:22,0
DA:23,0
DA:24,0
DA:25,0
DA:26,0
LF:14
LH:0
end_of_record
SF:lib/features/merchant/data/remote/models/merchants.freezed.dart
DA:10,0
DA:12,0
DA:15,0
DA:16,0
DA:21,1
DA:23,0
DA:40,0
DA:60,0
DA:61,0
DA:70,0
DA:71,0
DA:72,0
DA:73,0
DA:74,0
DA:75,0
DA:76,0
DA:77,0
DA:78,0
DA:79,0
DA:80,0
DA:81,0
DA:82,0
DA:83,0
DA:84,0
DA:85,0
DA:86,0
DA:87,0
DA:88,0
DA:89,0
DA:90,0
DA:91,0
DA:92,0
DA:93,0
DA:94,0
DA:95,0
DA:96,0
DA:97,0
DA:98,0
DA:99,0
DA:100,0
DA:101,0
DA:103,0
DA:104,0
DA:106,0
DA:138,0
DA:144,0
DA:163,0
DA:164,0
DA:165,0
DA:168,0
DA:169,0
DA:172,0
DA:173,0
DA:176,0
DA:177,0
DA:180,0
DA:181,0
DA:184,0
DA:185,0
DA:188,0
DA:189,0
DA:192,0
DA:193,0
DA:196,0
DA:197,0
DA:200,0
DA:201,0
DA:204,0
DA:205,0
DA:208,0
DA:209,0
DA:212,0
DA:213,0
DA:216,0
DA:217,0
DA:220,0
DA:221,0
DA:224,0
DA:225,0
DA:231,0
DA:233,0
DA:237,0
DA:238,0
DA:242,0
DA:244,0
DA:248,0
DA:249,0
DA:253,0
DA:255,0
DA:259,0
DA:260,0
DA:300,0
DA:301,0
DA:303,0
DA:304,0
DA:306,0
DA:325,0
DA:326,0
DA:327,0
DA:330,0
DA:331,0
DA:334,0
DA:335,0
DA:338,0
DA:339,0
DA:342,0
DA:343,0
DA:346,0
DA:347,0
DA:350,0
DA:351,0
DA:354,0
DA:355,0
DA:358,0
DA:359,0
DA:362,0
DA:363,0
DA:366,0
DA:367,0
DA:370,0
DA:371,0
DA:374,0
DA:375,0
DA:378,0
DA:379,0
DA:382,0
DA:383,0
DA:386,0
DA:387,0
DA:397,0
DA:415,0
DA:416,0
DA:467,0
DA:469,0
DA:472,0
DA:475,0
DA:476,0
DA:477,0
DA:478,0
DA:479,0
DA:480,0
DA:482,0
DA:483,0
DA:485,0
DA:486,0
DA:487,0
DA:488,0
DA:490,0
DA:491,0
DA:493,0
DA:494,0
DA:496,0
DA:497,0
DA:499,0
DA:500,0
DA:501,0
DA:502,0
DA:504,0
DA:505,0
DA:506,0
DA:507,0
DA:509,0
DA:510,0
DA:512,0
DA:513,0
DA:514,0
DA:515,0
DA:517,0
DA:520,0
DA:522,0
DA:523,0
DA:524,0
DA:525,0
DA:526,0
DA:527,0
DA:528,0
DA:529,0
DA:530,0
DA:531,0
DA:532,0
DA:533,0
DA:534,0
DA:535,0
DA:536,0
DA:537,0
DA:538,0
DA:540,0
DA:543,0
DA:545,0
DA:547,0
DA:574,0
DA:576,0
DA:577,0
DA:579,0
DA:580,0
DA:582,0
DA:583,0
DA:585,0
DA:586,0
DA:588,0
DA:589,0
DA:591,0
DA:592,0
DA:594,0
DA:595,0
DA:597,0
DA:598,0
DA:600,0
DA:601,0
DA:603,0
DA:604,0
DA:606,0
DA:607,0
DA:609,0
DA:610,0
DA:612,0
DA:613,0
DA:615,0
DA:616,0
DA:618,0
DA:619,0
DA:621,0
DA:622,0
DA:625,0
LF:224
LH:1
end_of_record
SF:lib/features/merchant/data/remote/models/merchants.dart
DA:35,0
DA:36,0
LF:2
LH:0
end_of_record
SF:lib/features/merchant/data/remote/models/merchants.g.dart
DA:9,0
DA:10,0
DA:11,0
DA:12,0
DA:13,0
DA:14,0
DA:15,0
DA:16,0
DA:17,0
DA:19,0
DA:20,0
DA:21,0
DA:22,0
DA:23,0
DA:24,0
DA:25,0
DA:26,0
DA:27,0
DA:28,0
DA:29,0
DA:30,0
DA:31,0
DA:32,0
DA:33,0
DA:34,0
DA:35,0
DA:37,0
DA:38,0
DA:40,0
DA:44,0
DA:45,0
DA:46,0
DA:47,0
DA:48,0
DA:49,0
DA:50,0
DA:51,0
DA:52,0
DA:53,0
DA:54,0
DA:55,0
DA:56,0
DA:57,0
DA:58,0
DA:59,0
DA:60,0
DA:61,0
LF:47
LH:0
end_of_record
SF:lib/features/merchant/data/remote/models/address.dart
DA:16,0
DA:17,0
LF:2
LH:0
end_of_record
SF:lib/features/merchant/data/remote/models/address.freezed.dart
DA:10,0
DA:12,0
DA:15,0
DA:16,0
DA:21,1
DA:23,0
DA:29,0
DA:38,0
DA:39,0
DA:48,0
DA:49,0
DA:50,0
DA:51,0
DA:52,0
DA:54,0
DA:55,0
DA:56,0
DA:73,0
DA:79,0
DA:87,0
DA:88,0
DA:89,0
DA:92,0
DA:93,0
DA:96,0
DA:97,0
DA:100,0
DA:101,0
DA:104,0
DA:105,0
DA:128,0
DA:129,0
DA:131,0
DA:132,0
DA:134,0
DA:142,0
DA:143,0
DA:144,0
DA:147,0
DA:148,0
DA:151,0
DA:152,0
DA:155,0
DA:156,0
DA:159,0
DA:160,0
DA:170,0
DA:173,0
DA:174,0
DA:187,0
DA:189,0
DA:192,0
DA:195,0
DA:196,0
DA:197,0
DA:198,0
DA:199,0
DA:200,0
DA:202,0
DA:203,0
DA:204,0
DA:205,0
DA:206,0
DA:209,0
DA:211,0
DA:212,0
DA:213,0
DA:214,0
DA:215,0
DA:216,0
DA:218,0
DA:221,0
DA:223,0
DA:225,0
DA:239,0
DA:240,0
DA:241,0
DA:242,0
DA:243,0
DA:244,0
DA:245,0
DA:246,0
DA:247,0
DA:248,0
DA:249,0
DA:252,0
LF:86
LH:1
end_of_record
SF:lib/features/merchant/data/remote/models/address.g.dart
DA:9,0
DA:10,0
DA:11,0
DA:12,0
DA:13,0
DA:14,0
DA:15,0
DA:19,0
DA:20,0
DA:21,0
DA:22,0
DA:23,0
DA:24,0
DA:25,0
LF:14
LH:0
end_of_record
SF:lib/features/merchant/data/remote/models/chain.freezed.dart
DA:10,0
DA:12,0
DA:15,0
DA:16,0
DA:21,1
DA:23,0
DA:25,0
DA:31,0
DA:32,0
DA:41,0
DA:42,0
DA:43,0
DA:44,0
DA:46,0
DA:47,0
DA:48,0
DA:61,0
DA:67,0
DA:72,0
DA:73,0
DA:74,0
DA:77,0
DA:78,0
DA:97,0
DA:98,0
DA:100,0
DA:101,0
DA:103,0
DA:108,0
DA:109,0
DA:110,0
DA:113,0
DA:114,0
DA:124,0
DA:126,0
DA:127,0
DA:136,0
DA:138,0
DA:141,0
DA:144,0
DA:145,0
DA:146,0
DA:147,0
DA:148,0
DA:151,0
DA:153,0
DA:154,0
DA:155,0
DA:157,0
DA:160,0
DA:162,0
DA:164,0
DA:175,0
DA:177,0
DA:178,0
DA:180,0
DA:181,0
DA:183,0
LF:58
LH:1
end_of_record
SF:lib/features/merchant/data/remote/models/chain.dart
DA:13,0
LF:1
LH:0
end_of_record
SF:lib/features/merchant/data/remote/models/chain.g.dart
DA:9,0
DA:10,0
DA:11,0
DA:12,0
DA:16,0
DA:17,0
DA:18,0
LF:7
LH:0
end_of_record
SF:lib/features/merchant/data/remote/models/coordinates.freezed.dart
DA:10,0
DA:12,0
DA:15,0
DA:16,0
DA:21,1
DA:23,0
DA:26,0
DA:32,0
DA:33,0
DA:42,0
DA:43,0
DA:44,0
DA:45,0
DA:47,0
DA:48,0
DA:50,0
DA:65,0
DA:71,0
DA:76,0
DA:77,0
DA:78,0
DA:81,0
DA:82,0
DA:104,0
DA:106,0
DA:108,0
DA:109,0
DA:111,0
DA:116,0
DA:117,0
DA:118,0
DA:121,0
DA:122,0
DA:132,0
DA:136,0
DA:137,0
DA:146,0
DA:148,0
DA:151,0
DA:154,0
DA:155,0
DA:157,0
DA:158,0
DA:160,0
DA:163,0
DA:165,0
DA:166,0
DA:167,0
DA:169,0
DA:172,0
DA:174,0
DA:176,0
DA:188,0
DA:190,0
DA:191,0
DA:193,0
DA:194,0
DA:197,0
LF:58
LH:1
end_of_record
SF:lib/features/merchant/data/remote/models/coordinates.dart
DA:13,0
DA:14,0
LF:2
LH:0
end_of_record
SF:lib/features/merchant/data/remote/models/coordinates.g.dart
DA:9,0
DA:10,0
DA:11,0
DA:12,0
DA:16,0
DA:17,0
DA:18,0
DA:19,0
LF:8
LH:0
end_of_record
SF:lib/features/merchant/data/remote/models/documents.freezed.dart
DA:10,0
DA:12,0
DA:15,0
DA:16,0
DA:21,1
DA:23,0
DA:25,0
DA:33,0
DA:34,0
DA:43,0
DA:44,0
DA:45,0
DA:46,0
DA:48,0
DA:49,0
DA:51,0
DA:63,0
DA:69,0
DA:76,0
DA:77,0
DA:78,0
DA:81,0
DA:82,0
DA:85,0
DA:86,0
DA:89,0
DA:90,0
DA:108,0
DA:109,0
DA:111,0
DA:112,0
DA:114,0
DA:121,0
DA:122,0
DA:123,0
DA:126,0
DA:127,0
DA:130,0
DA:131,0
DA:134,0
DA:135,0
DA:145,0
DA:147,0
DA:148,0
DA:159,0
DA:161,0
DA:164,0
DA:167,0
DA:168,0
DA:169,0
DA:170,0
DA:171,0
DA:172,0
DA:173,0
DA:174,0
DA:176,0
DA:179,0
DA:181,0
DA:182,0
DA:183,0
DA:184,0
DA:185,0
DA:187,0
DA:190,0
DA:192,0
DA:194,0
DA:207,0
DA:208,0
DA:209,0
DA:210,0
DA:211,0
DA:212,0
DA:213,0
DA:214,0
DA:215,0
DA:218,0
LF:76
LH:1
end_of_record
SF:lib/features/merchant/data/remote/models/documents.dart
DA:15,0
DA:16,0
LF:2
LH:0
end_of_record
SF:lib/features/merchant/data/remote/models/documents.g.dart
DA:9,0
DA:10,0
DA:11,0
DA:12,0
DA:13,0
DA:14,0
DA:18,0
DA:19,0
DA:20,0
DA:21,0
DA:22,0
DA:23,0
LF:12
LH:0
end_of_record
SF:lib/features/merchant/data/remote/models/image.freezed.dart
DA:10,0
DA:12,0
DA:15,0
DA:16,0
DA:21,1
DA:23,0
DA:24,0
DA:29,0
DA:30,0
DA:39,0
DA:41,0
DA:42,0
DA:43,0
DA:55,0
DA:61,0
DA:65,0
DA:66,0
DA:67,0
DA:85,0
DA:86,0
DA:88,0
DA:89,0
DA:91,0
DA:95,0
DA:96,0
DA:97,0
DA:107,0
DA:109,0
DA:110,0
DA:115,0
DA:117,0
DA:120,0
DA:123,0
DA:124,0
DA:125,0
DA:128,0
DA:130,0
DA:132,0
DA:135,0
DA:137,0
DA:139,0
DA:148,0
DA:149,0
DA:150,0
DA:152,0
LF:45
LH:1
end_of_record
SF:lib/features/merchant/data/remote/models/image.dart
DA:12,0
LF:1
LH:0
end_of_record
SF:lib/features/merchant/data/remote/models/image.g.dart
DA:9,0
DA:10,0
DA:11,0
DA:15,0
DA:16,0
LF:5
LH:0
end_of_record
SF:lib/features/merchant/data/remote/models/links.freezed.dart
DA:10,0
DA:12,0
DA:15,0
DA:16,0
DA:21,1
DA:23,0
DA:24,0
DA:31,0
DA:32,0
DA:41,0
DA:42,0
DA:43,0
DA:45,0
DA:46,0
DA:47,0
DA:59,0
DA:65,0
DA:71,0
DA:72,0
DA:73,0
DA:76,0
DA:77,0
DA:80,0
DA:81,0
DA:99,0
DA:100,0
DA:102,0
DA:103,0
DA:105,0
DA:111,0
DA:112,0
DA:113,0
DA:116,0
DA:117,0
DA:120,0
DA:121,0
DA:131,0
DA:133,0
DA:134,0
DA:143,0
DA:145,0
DA:148,0
DA:151,0
DA:152,0
DA:153,0
DA:154,0
DA:155,0
DA:156,0
DA:157,0
DA:160,0
DA:162,0
DA:163,0
DA:164,0
DA:165,0
DA:167,0
DA:170,0
DA:172,0
DA:174,0
DA:183,0
DA:184,0
DA:185,0
DA:186,0
DA:187,0
DA:188,0
DA:189,0
DA:191,0
LF:66
LH:1
end_of_record
SF:lib/features/merchant/data/remote/models/links.dart
DA:14,0
LF:1
LH:0
end_of_record
SF:lib/features/merchant/data/remote/models/links.g.dart
DA:9,0
DA:10,0
DA:11,0
DA:12,0
DA:13,0
DA:17,0
DA:18,0
DA:19,0
DA:20,0
LF:9
LH:0
end_of_record
SF:lib/features/merchant/data/remote/models/location.freezed.dart
DA:10,0
DA:12,0
DA:15,0
DA:16,0
DA:21,1
DA:23,0
DA:26,0
DA:32,0
DA:33,0
DA:42,0
DA:43,0
DA:44,0
DA:45,0
DA:47,0
DA:48,0
DA:50,0
DA:67,0
DA:73,0
DA:78,0
DA:79,0
DA:80,0
DA:83,0
DA:84,0
DA:90,0
DA:92,0
DA:96,0
DA:97,0
DA:101,0
DA:103,0
DA:107,0
DA:108,0
DA:131,0
DA:132,0
DA:134,0
DA:135,0
DA:137,0
DA:142,0
DA:143,0
DA:144,0
DA:147,0
DA:148,0
DA:158,0
DA:162,0
DA:163,0
DA:172,0
DA:174,0
DA:177,0
DA:180,0
DA:181,0
DA:183,0
DA:184,0
DA:185,0
DA:188,0
DA:190,0
DA:191,0
DA:192,0
DA:194,0
DA:197,0
DA:199,0
DA:201,0
DA:214,0
DA:216,0
DA:217,0
DA:219,0
DA:220,0
DA:223,0
LF:66
LH:1
end_of_record
SF:lib/features/merchant/data/remote/models/location.dart
DA:16,0
DA:17,0
DA:20,0
DA:21,0
DA:22,0
LF:5
LH:0
end_of_record
SF:lib/features/merchant/data/remote/models/location.g.dart
DA:9,0
DA:10,0
DA:11,0
DA:13,0
DA:14,0
DA:18,0
DA:19,0
DA:20,0
DA:21,0
LF:9
LH:0
end_of_record
SF:lib/features/merchant/data/remote/models/opening_times.freezed.dart
DA:10,0
DA:12,0
DA:15,0
DA:16,0
DA:21,1
DA:23,0
DA:26,0
DA:31,0
DA:32,0
DA:41,0
DA:43,0
DA:45,0
DA:46,0
DA:48,0
DA:65,0
DA:71,0
DA:75,0
DA:76,0
DA:77,0
DA:83,0
DA:85,0
DA:89,0
DA:90,0
DA:91,0
DA:114,0
DA:116,0
DA:118,0
DA:119,0
DA:121,0
DA:125,0
DA:126,0
DA:127,0
DA:137,0
DA:140,0
DA:141,0
DA:147,0
DA:149,0
DA:152,0
DA:155,0
DA:156,0
DA:158,0
DA:161,0
DA:163,0
DA:164,0
DA:166,0
DA:169,0
DA:171,0
DA:173,0
DA:185,0
DA:188,0
DA:189,0
DA:192,0
LF:52
LH:1
end_of_record
SF:lib/features/merchant/data/remote/models/opening_times.dart
DA:15,0
DA:16,0
LF:2
LH:0
end_of_record
SF:lib/features/merchant/data/remote/models/opening_times.g.dart
DA:9,0
DA:10,0
DA:11,0
DA:13,0
DA:14,0
DA:18,0
DA:19,0
DA:20,0
LF:8
LH:0
end_of_record
SF:lib/features/merchant/data/remote/models/tag_groups.freezed.dart
DA:10,0
DA:12,0
DA:15,0
DA:16,0
DA:21,1
DA:23,0
DA:26,0
DA:32,0
DA:33,0
DA:42,0
DA:43,0
DA:44,0
DA:45,0
DA:47,0
DA:48,0
DA:50,0
DA:64,0
DA:70,0
DA:75,0
DA:76,0
DA:77,0
DA:80,0
DA:81,0
DA:102,0
DA:103,0
DA:105,0
DA:106,0
DA:108,0
DA:113,0
DA:114,0
DA:115,0
DA:118,0
DA:119,0
DA:129,0
DA:132,0
DA:133,0
DA:142,0
DA:144,0
DA:147,0
DA:150,0
DA:151,0
DA:152,0
DA:153,0
DA:154,0
DA:157,0
DA:159,0
DA:160,0
DA:161,0
DA:163,0
DA:166,0
DA:168,0
DA:170,0
DA:182,0
DA:184,0
DA:185,0
DA:187,0
DA:188,0
DA:191,0
LF:58
LH:1
end_of_record
SF:lib/features/merchant/data/remote/models/tag_groups.dart
DA:15,0
DA:16,0
LF:2
LH:0
end_of_record
SF:lib/features/merchant/data/remote/models/tag_groups.g.dart
DA:9,0
DA:10,0
DA:11,0
DA:12,0
DA:13,0
DA:14,0
DA:18,0
DA:19,0
DA:20,0
DA:21,0
LF:10
LH:0
end_of_record
SF:lib/features/merchant/data/remote/models/standard_opening_times.freezed.dart
DA:10,0
DA:12,0
DA:15,0
DA:16,0
DA:21,1
DA:23,0
DA:26,0
DA:32,0
DA:33,0
DA:42,0
DA:43,0
DA:44,0
DA:45,0
DA:47,0
DA:48,0
DA:50,0
DA:66,0
DA:72,0
DA:77,0
DA:78,0
DA:79,0
DA:82,0
DA:83,0
DA:106,0
DA:108,0
DA:110,0
DA:111,0
DA:113,0
DA:118,0
DA:119,0
DA:120,0
DA:123,0
DA:124,0
DA:134,0
DA:138,0
DA:139,0
DA:148,0
DA:150,0
DA:153,0
DA:156,0
DA:157,0
DA:159,0
DA:160,0
DA:161,0
DA:164,0
DA:166,0
DA:167,0
DA:168,0
DA:170,0
DA:173,0
DA:176,0
DA:178,0
DA:190,0
DA:192,0
DA:193,0
DA:195,0
DA:196,0
DA:199,0
LF:58
LH:1
end_of_record
SF:lib/features/merchant/data/remote/models/standard_opening_times.dart
DA:16,0
DA:17,0
LF:2
LH:0
end_of_record
SF:lib/features/merchant/data/remote/models/standard_opening_times.g.dart
DA:9,0
DA:11,0
DA:12,0
DA:13,0
DA:14,0
DA:15,0
DA:16,0
DA:17,0
DA:21,0
DA:23,0
DA:24,0
DA:25,0
LF:12
LH:0
end_of_record
SF:lib/features/merchant/data/remote/models/saturday.freezed.dart
DA:10,0
DA:12,0
DA:15,0
DA:16,0
DA:21,1
DA:23,0
DA:26,0
DA:32,0
DA:33,0
DA:42,0
DA:43,0
DA:44,0
DA:45,0
DA:47,0
DA:48,0
DA:50,0
DA:64,0
DA:70,0
DA:75,0
DA:76,0
DA:77,0
DA:80,0
DA:81,0
DA:101,0
DA:102,0
DA:104,0
DA:105,0
DA:107,0
DA:112,0
DA:113,0
DA:114,0
DA:117,0
DA:118,0
DA:128,0
DA:131,0
DA:132,0
DA:141,0
DA:143,0
DA:146,0
DA:149,0
DA:150,0
DA:151,0
DA:152,0
DA:153,0
DA:156,0
DA:158,0
DA:159,0
DA:160,0
DA:162,0
DA:165,0
DA:167,0
DA:169,0
DA:180,0
DA:182,0
DA:183,0
DA:185,0
DA:186,0
DA:189,0
LF:58
LH:1
end_of_record
SF:lib/features/merchant/data/remote/models/saturday.dart
DA:13,0
DA:14,0
LF:2
LH:0
end_of_record
SF:lib/features/merchant/data/remote/models/saturday.g.dart
DA:9,0
DA:10,0
DA:11,0
DA:12,0
DA:16,0
DA:17,0
DA:18,0
DA:19,0
LF:8
LH:0
end_of_record
SF:lib/features/merchant/data/remote/models/sunday.freezed.dart
DA:10,0
DA:12,0
DA:15,0
DA:16,0
DA:21,1
DA:23,0
DA:26,0
DA:32,0
DA:33,0
DA:42,0
DA:43,0
DA:44,0
DA:45,0
DA:47,0
DA:48,0
DA:49,0
DA:63,0
DA:69,0
DA:74,0
DA:75,0
DA:76,0
DA:79,0
DA:80,0
DA:100,0
DA:101,0
DA:103,0
DA:104,0
DA:106,0
DA:111,0
DA:112,0
DA:113,0
DA:116,0
DA:117,0
DA:127,0
DA:130,0
DA:131,0
DA:140,0
DA:142,0
DA:145,0
DA:148,0
DA:149,0
DA:150,0
DA:151,0
DA:152,0
DA:155,0
DA:157,0
DA:158,0
DA:159,0
DA:161,0
DA:164,0
DA:166,0
DA:168,0
DA:179,0
DA:181,0
DA:182,0
DA:184,0
DA:185,0
DA:187,0
LF:58
LH:1
end_of_record
SF:lib/features/merchant/data/remote/models/sunday.dart
DA:13,0
LF:1
LH:0
end_of_record
SF:lib/features/merchant/data/remote/models/sunday.g.dart
DA:9,0
DA:10,0
DA:11,0
DA:12,0
DA:16,0
DA:17,0
DA:18,0
LF:7
LH:0
end_of_record
SF:lib/features/merchant/data/remote/models/tags.dart
DA:13,0
LF:1
LH:0
end_of_record
SF:lib/features/merchant/data/remote/models/tags.freezed.dart
DA:10,0
DA:12,0
DA:15,0
DA:16,0
DA:21,1
DA:23,0
DA:25,0
DA:31,0
DA:32,0
DA:41,0
DA:42,0
DA:43,0
DA:44,0
DA:46,0
DA:47,0
DA:48,0
DA:61,0
DA:67,0
DA:72,0
DA:73,0
DA:74,0
DA:77,0
DA:78,0
DA:97,0
DA:98,0
DA:100,0
DA:101,0
DA:103,0
DA:108,0
DA:109,0
DA:110,0
DA:113,0
DA:114,0
DA:124,0
DA:126,0
DA:127,0
DA:136,0
DA:138,0
DA:141,0
DA:144,0
DA:145,0
DA:146,0
DA:147,0
DA:148,0
DA:151,0
DA:153,0
DA:154,0
DA:155,0
DA:157,0
DA:160,0
DA:162,0
DA:164,0
DA:175,0
DA:177,0
DA:178,0
DA:180,0
DA:181,0
DA:183,0
LF:58
LH:1
end_of_record
SF:lib/features/merchant/data/remote/models/tags.g.dart
DA:9,0
DA:10,0
DA:11,0
DA:12,0
DA:16,0
DA:17,0
DA:18,0
LF:7
LH:0
end_of_record
SF:lib/base/bloc/base_cubit.dart
DA:9,3
DA:10,4
DA:13,0
DA:14,0
DA:17,0
DA:18,0
DA:21,0
DA:22,0
DA:27,1
DA:28,1
DA:29,0
DA:30,1
DA:31,0
DA:32,0
DA:33,0
DA:34,0
LF:16
LH:5
end_of_record
SF:lib/base/bloc/base_state.freezed.dart
DA:10,0
DA:12,0
DA:17,1
DA:19,0
DA:20,0
DA:25,0
DA:26,0
DA:31,0
DA:32,0
DA:35,0
DA:36,0
DA:39,0
DA:40,0
DA:43,0
DA:44,0
DA:53,0
DA:62,0
DA:63,0
DA:73,0
DA:74,0
DA:83,0
DA:84,0
DA:94,0
DA:106,0
DA:125,0
DA:127,0
DA:129,0
DA:130,0
DA:132,0
DA:136,0
DA:137,0
DA:138,0
DA:148,1
DA:153,1
DA:155,2
DA:158,1
DA:161,1
DA:162,2
DA:163,0
DA:166,0
DA:168,0
DA:170,0
DA:173,0
DA:175,0
DA:185,0
DA:188,0
DA:200,0
DA:202,0
DA:205,0
DA:215,0
DA:218,0
DA:230,0
DA:232,0
DA:239,0
DA:240,0
DA:242,0
DA:257,0
DA:259,0
DA:261,0
DA:262,0
DA:264,0
DA:268,0
DA:269,0
DA:270,0
DA:280,3
DA:285,1
DA:287,2
DA:290,1
DA:293,1
DA:294,0
DA:295,0
DA:298,0
DA:300,0
DA:302,0
DA:305,0
DA:307,0
DA:317,0
DA:320,0
DA:332,0
DA:334,0
DA:337,0
DA:347,0
DA:350,0
DA:362,0
DA:364,0
DA:371,0
DA:372,0
DA:374,0
DA:388,0
DA:390,0
DA:392,0
DA:393,0
DA:399,2
DA:401,0
DA:403,0
DA:406,1
DA:408,1
DA:411,0
DA:412,0
DA:414,0
DA:424,0
DA:427,0
DA:439,0
DA:441,0
DA:444,0
DA:454,0
DA:457,0
DA:469,0
DA:471,0
DA:490,0
DA:492,0
DA:494,0
DA:495,0
DA:501,4
DA:503,1
DA:505,1
DA:508,1
DA:510,1
DA:513,0
DA:514,0
DA:516,0
DA:526,0
DA:529,0
DA:541,0
DA:543,0
DA:546,0
DA:556,0
DA:559,0
DA:571,0
DA:573,0
DA:592,0
DA:594,0
DA:596,0
DA:597,0
DA:603,3
DA:605,1
DA:607,1
DA:610,1
DA:612,1
DA:615,0
DA:616,0
DA:618,0
DA:628,0
DA:631,0
DA:643,0
DA:645,0
DA:648,0
DA:658,0
DA:661,0
DA:673,0
DA:675,0
DA:694,0
DA:696,0
DA:698,0
DA:699,0
DA:705,0
DA:707,0
DA:709,0
DA:712,0
DA:714,0
DA:717,0
DA:718,0
DA:720,0
DA:730,0
DA:733,0
DA:745,0
DA:747,0
DA:750,0
DA:760,0
DA:763,0
DA:775,0
DA:777,0
LF:172
LH:25
end_of_record
SF:lib/base/bloc/widgets/state_builder.dart
DA:59,0
DA:69,0
DA:71,0
DA:73,0
DA:74,0
DA:75,0
DA:76,0
DA:77,0
DA:78,0
DA:79,0
DA:80,0
DA:82,0
DA:83,0
DA:84,0
DA:85,0
DA:86,0
DA:87,0
LF:17
LH:0
end_of_record
SF:lib/base/bloc/widgets/state_consumer.dart
DA:21,0
DA:28,0
DA:30,0
LF:3
LH:0
end_of_record
SF:lib/base/bloc/widgets/state_listener.dart
DA:58,0
DA:69,0
DA:71,0
DA:73,0
DA:74,0
DA:75,0
DA:76,0
DA:77,0
DA:78,0
DA:79,0
LF:10
LH:0
end_of_record
SF:lib/base/di/injector.dart
DA:8,3
DA:14,1
DA:15,3
DA:16,1
DA:17,2
DA:21,1
DA:22,2
LF:7
LH:7
end_of_record
SF:lib/base/di/injector.config.dart
DA:38,1
DA:40,1
DA:41,1
DA:42,1
DA:43,1
DA:44,1
DA:46,1
DA:47,0
DA:48,1
DA:49,1
DA:50,0
DA:51,0
DA:52,1
DA:53,0
DA:54,0
DA:55,2
DA:56,1
DA:57,0
DA:58,1
DA:59,3
DA:60,1
DA:61,0
DA:62,1
DA:63,3
DA:64,3
LF:25
LH:18
end_of_record
SF:lib/features/merchant/data/mapper/address_mapper.dart
DA:6,0
DA:9,0
DA:12,0
DA:17,0
DA:18,0
DA:19,0
DA:20,0
DA:21,0
DA:22,0
LF:9
LH:0
end_of_record
SF:lib/features/merchant/data/mapper/merchant_mapper.dart
DA:9,0
DA:10,0
DA:13,0
DA:16,0
DA:21,0
DA:22,0
DA:23,0
DA:25,0
DA:26,0
LF:9
LH:0
end_of_record
SF:lib/features/merchant/data/repositories/merchent_repository_imp.dart
DA:16,0
DA:18,0
DA:20,0
DA:21,0
DA:22,0
DA:23,0
DA:24,0
DA:25,0
DA:28,0
DA:31,0
DA:32,0
DA:33,0
DA:34,0
DA:35,0
DA:36,0
DA:37,0
DA:38,0
DA:39,0
DA:40,0
DA:41,0
DA:42,0
DA:45,0
DA:46,0
DA:47,0
LF:24
LH:0
end_of_record
SF:lib/features/merchant/di/merchant_module.dart
DA:7,0
DA:10,0
DA:12,0
LF:3
LH:0
end_of_record
SF:lib/features/merchant/domain/use_cases/get_all_merchant_usecase.dart
DA:10,0
DA:12,0
DA:15,0
DA:24,0
DA:26,0
DA:27,0
LF:6
LH:0
end_of_record
SF:lib/features/merchant/domain/use_cases/get_merchant_usecase.dart
DA:10,1
DA:12,1
DA:15,3
DA:22,1
DA:24,1
DA:25,2
LF:6
LH:6
end_of_record
SF:lib/features/merchant/presentation/manager/merchants_cubit.dart
DA:13,0
DA:15,0
DA:16,0
DA:17,0
DA:18,0
DA:21,0
DA:22,0
DA:23,0
DA:25,0
DA:28,0
DA:29,0
DA:30,0
DA:31,0
DA:32,0
DA:33,0
DA:36,0
DA:39,0
DA:40,0
DA:42,0
DA:43,0
DA:46,0
DA:47,0
DA:48,0
LF:23
LH:0
end_of_record
SF:lib/base/service/base_service.dart
DA:6,1
DA:7,2
DA:8,2
DA:16,0
DA:17,0
DA:18,0
LF:6
LH:3
end_of_record
SF:lib/base/storage/core_store_test.dart
DA:10,0
DA:11,0
DA:12,0
DA:16,0
DA:17,0
DA:21,0
DA:22,0
DA:26,0
DA:27,0
DA:31,0
DA:32,0
DA:36,0
DA:37,0
DA:41,0
DA:42,0
DA:46,0
DA:47,0
DA:50,0
DA:52,0
DA:55,0
DA:57,0
DA:58,0
DA:61,0
DA:63,0
DA:64,0
DA:67,0
DA:69,0
DA:70,0
DA:73,0
DA:75,0
DA:76,0
DA:79,0
DA:81,0
DA:82,0
LF:34
LH:0
end_of_record
SF:lib/base/domain/entities/paginated_entity.freezed.dart
DA:10,0
DA:12,0
DA:17,1
DA:19,0
DA:21,0
DA:34,0
DA:35,0
DA:36,0
DA:38,0
DA:40,0
DA:54,0
DA:60,0
DA:66,0
DA:67,0
DA:68,0
DA:71,0
DA:72,0
DA:75,0
DA:76,0
DA:97,0
DA:99,0
DA:101,0
DA:102,0
DA:104,0
DA:110,0
DA:111,0
DA:112,0
DA:115,0
DA:116,0
DA:119,0
DA:120,0
DA:130,0
DA:143,0
DA:145,0
DA:148,0
DA:151,0
DA:152,0
DA:153,0
DA:154,0
DA:155,0
DA:156,0
DA:157,0
DA:160,0
DA:162,0
DA:163,0
DA:164,0
DA:165,0
DA:167,0
DA:170,0
DA:178,0
DA:179,0
DA:180,0
DA:181,0
DA:182,0
DA:183,0
DA:184,0
DA:187,0
LF:57
LH:1
end_of_record
SF:lib/base/domain/interactors/async_use_case.dart
DA:11,0
DA:12,0
DA:17,1
DA:22,0
DA:23,0
LF:5
LH:1
end_of_record
SF:lib/base/domain/interactors/use_case.dart
DA:12,1
DA:13,4
DA:14,1
LF:3
LH:3
end_of_record
SF:lib/base/domain/interactors/stream_use_case.dart
DA:7,0
DA:8,0
LF:2
LH:0
end_of_record
SF:lib/base/result/result.freezed.dart
DA:10,0
DA:12,0
DA:17,1
DA:19,0
DA:20,0
DA:25,0
DA:26,0
DA:31,0
DA:32,0
DA:43,0
DA:49,0
DA:50,0
DA:57,0
DA:58,0
DA:64,0
DA:65,0
DA:72,0
DA:85,0
DA:104,0
DA:106,0
DA:108,0
DA:109,0
DA:111,0
DA:115,0
DA:116,0
DA:117,0
DA:127,1
DA:132,0
DA:134,0
DA:137,0
DA:140,0
DA:141,0
DA:142,0
DA:145,0
DA:147,0
DA:149,0
DA:152,0
DA:154,0
DA:161,0
DA:164,1
DA:173,2
DA:175,0
DA:178,0
DA:185,0
DA:188,0
DA:197,0
DA:199,0
DA:206,0
DA:207,0
DA:209,0
DA:226,0
DA:228,0
DA:230,0
DA:231,0
DA:233,0
DA:237,0
DA:238,0
DA:239,0
DA:245,0
DA:247,0
DA:248,0
DA:256,1
DA:261,0
DA:263,0
DA:266,0
DA:269,0
DA:270,0
DA:271,0
DA:274,0
DA:276,0
DA:278,0
DA:281,0
DA:283,0
DA:290,0
DA:293,1
DA:302,0
DA:304,1
DA:307,0
DA:314,0
DA:317,0
DA:326,0
DA:328,0
DA:335,0
DA:336,0
DA:338,0
DA:355,0
DA:357,0
DA:359,0
DA:360,0
DA:362,0
DA:366,0
DA:367,0
DA:368,0
DA:374,0
DA:376,0
DA:377,0
DA:385,1
DA:390,0
DA:392,0
DA:395,0
DA:398,0
DA:399,0
DA:400,0
DA:403,0
DA:405,0
DA:407,0
DA:410,0
DA:412,0
DA:419,0
DA:422,1
DA:431,2
DA:433,0
DA:436,0
DA:443,0
DA:446,0
DA:455,0
DA:457,0
DA:464,0
DA:465,0
DA:467,0
LF:120
LH:10
end_of_record
SF:lib/base/result/result.dart
DA:22,0
DA:26,0
DA:27,0
DA:28,0
DA:29,0
DA:30,0
DA:32,0
DA:33,0
DA:34,0
DA:35,0
DA:37,0
DA:38,0
DA:39,0
DA:40,0
DA:41,0
DA:42,0
DA:44,0
DA:45,0
DA:46,0
DA:47,0
DA:48,0
LF:21
LH:0
end_of_record
SF:lib/base/remote/network_task.dart
DA:6,0
DA:9,0
DA:13,0
DA:16,0
DA:17,0
DA:18,0
DA:19,0
DA:20,0
DA:22,0
DA:23,0
DA:24,0
DA:26,0
DA:27,0
DA:28,0
DA:31,0
DA:35,0
DA:36,0
DA:37,0
DA:40,0
DA:42,0
DA:43,0
DA:44,0
DA:45,0
DA:46,0
DA:47,0
DA:48,0
DA:50,0
DA:51,0
DA:52,0
DA:53,0
DA:54,0
DA:55,0
DA:58,0
DA:59,0
DA:60,0
DA:61,0
LF:36
LH:0
end_of_record
SF:lib/base/result/failure.freezed.dart
DA:10,0
DA:12,0
DA:17,1
DA:19,0
DA:20,0
DA:25,0
DA:26,0
DA:31,0
DA:32,0
DA:43,0
DA:49,0
DA:50,0
DA:57,0
DA:58,0
DA:64,0
DA:65,0
DA:72,0
DA:83,0
DA:101,0
DA:103,0
DA:105,0
DA:106,0
DA:108,0
DA:112,0
DA:113,0
DA:114,0
DA:124,1
DA:129,0
DA:131,0
DA:134,0
DA:137,0
DA:138,0
DA:139,0
DA:142,0
DA:144,0
DA:146,0
DA:149,0
DA:151,0
DA:158,0
DA:161,0
DA:170,0
DA:172,0
DA:175,0
DA:182,0
DA:185,0
DA:194,0
DA:196,0
DA:203,0
DA:204,0
DA:206,0
DA:220,0
DA:222,0
DA:224,0
DA:225,0
DA:227,0
DA:231,0
DA:232,0
DA:233,0
DA:243,0
DA:248,0
DA:250,0
DA:253,0
DA:256,0
DA:257,0
DA:258,0
DA:261,0
DA:263,0
DA:265,0
DA:268,0
DA:270,0
DA:277,0
DA:280,0
DA:289,0
DA:291,0
DA:294,0
DA:301,0
DA:304,0
DA:313,0
DA:315,0
DA:322,0
DA:323,0
DA:325,0
DA:339,0
DA:341,0
DA:343,0
DA:344,0
DA:346,0
DA:350,0
DA:351,0
DA:352,0
DA:362,0
DA:367,0
DA:369,0
DA:372,0
DA:375,0
DA:376,0
DA:377,0
DA:380,0
DA:382,0
DA:384,0
DA:387,0
DA:389,0
DA:396,0
DA:399,0
DA:408,0
DA:410,0
DA:413,0
DA:420,0
DA:423,0
DA:432,0
DA:434,0
DA:441,0
DA:442,0
DA:444,0
LF:114
LH:2
end_of_record
SF:lib/base/result/network_exception.freezed.dart
DA:10,0
DA:12,0
DA:17,1
DA:19,0
DA:20,0
DA:25,0
DA:26,0
DA:31,0
DA:32,0
DA:37,0
DA:38,0
DA:43,0
DA:44,0
DA:49,0
DA:50,0
DA:61,0
DA:63,0
DA:72,0
DA:73,0
DA:83,0
DA:84,0
DA:93,0
DA:94,0
DA:104,0
DA:106,0
DA:108,0
DA:121,0
DA:127,0
DA:131,0
DA:132,0
DA:133,0
DA:152,0
DA:154,0
DA:156,0
DA:157,0
DA:159,0
DA:163,0
DA:164,0
DA:165,0
DA:175,1
DA:180,0
DA:182,0
DA:185,0
DA:188,0
DA:189,0
DA:191,0
DA:194,0
DA:196,0
DA:198,0
DA:201,0
DA:203,0
DA:213,0
DA:216,0
DA:228,0
DA:230,0
DA:233,0
DA:243,0
DA:246,0
DA:258,0
DA:260,0
DA:267,0
DA:268,0
DA:269,0
DA:272,0
DA:289,0
DA:291,0
DA:293,0
DA:294,0
DA:296,0
DA:300,0
DA:301,0
DA:302,0
DA:312,1
DA:317,0
DA:319,0
DA:322,0
DA:325,0
DA:326,0
DA:328,0
DA:331,0
DA:333,0
DA:335,0
DA:338,0
DA:341,0
DA:351,0
DA:354,0
DA:366,0
DA:368,0
DA:371,0
DA:381,0
DA:384,0
DA:396,0
DA:398,0
DA:406,0
DA:407,0
DA:408,0
DA:411,0
DA:428,0
DA:430,0
DA:432,0
DA:433,0
DA:435,0
DA:439,0
DA:440,0
DA:441,0
DA:451,1
DA:456,0
DA:458,0
DA:461,0
DA:464,0
DA:465,0
DA:467,0
DA:470,0
DA:472,0
DA:474,0
DA:477,0
DA:480,0
DA:490,0
DA:493,0
DA:505,0
DA:507,0
DA:510,0
DA:520,0
DA:523,0
DA:535,0
DA:537,0
DA:545,0
DA:546,0
DA:547,0
DA:550,0
DA:567,0
DA:569,0
DA:571,0
DA:572,0
DA:574,0
DA:578,0
DA:579,0
DA:580,0
DA:590,1
DA:595,0
DA:597,0
DA:600,0
DA:603,0
DA:604,0
DA:606,0
DA:609,0
DA:611,0
DA:613,0
DA:616,0
DA:618,0
DA:628,0
DA:631,0
DA:643,0
DA:645,0
DA:648,0
DA:658,0
DA:661,0
DA:673,0
DA:675,0
DA:682,0
DA:683,0
DA:684,0
DA:687,0
DA:704,0
DA:706,0
DA:708,0
DA:709,0
DA:711,0
DA:715,0
DA:716,0
DA:717,0
DA:727,2
DA:732,0
DA:734,0
DA:737,0
DA:740,0
DA:741,0
DA:743,0
DA:746,0
DA:748,0
DA:750,0
DA:753,0
DA:755,1
DA:765,2
DA:768,0
DA:780,0
DA:782,0
DA:785,0
DA:795,0
DA:798,0
DA:810,0
DA:812,0
DA:819,0
DA:820,0
DA:821,0
DA:824,0
DA:841,0
DA:843,0
DA:845,0
DA:846,0
DA:848,0
DA:852,0
DA:853,0
DA:854,0
DA:864,1
DA:869,0
DA:871,0
DA:874,0
DA:877,0
DA:878,0
DA:880,0
DA:883,0
DA:885,0
DA:887,0
DA:890,0
DA:892,0
DA:902,0
DA:905,0
DA:917,0
DA:919,0
DA:922,0
DA:932,0
DA:935,0
DA:947,0
DA:949,0
DA:956,0
DA:957,0
DA:958,0
DA:961,0
LF:229
LH:9
end_of_record
SF:lib/base/service/logger.dart
DA:6,0
DA:7,0
DA:15,0
DA:17,0
DA:18,0
DA:19,0
DA:21,0
DA:22,0
DA:23,0
DA:24,0
DA:25,0
DA:31,1
DA:32,2
LF:13
LH:2
end_of_record
SF:lib/base/storage/core_store_sp_impl.dart
DA:9,0
DA:11,0
DA:15,0
DA:17,0
DA:21,0
DA:22,0
DA:26,0
DA:27,0
DA:31,0
DA:32,0
DA:37,0
DA:38,0
DA:43,0
DA:44,0
DA:49,0
DA:50,0
DA:55,0
DA:56,0
DA:61,0
DA:62,0
DA:66,0
DA:68,0
DA:71,0
DA:73,0
DA:76,0
DA:78,0
DA:81,0
DA:83,0
DA:86,0
DA:88,0
DA:91,0
DA:93,0
DA:94,0
DA:95,0
DA:98,0
DA:99,0
DA:101,0
DA:102,0
LF:38
LH:0
end_of_record
SF:lib/base/storage/db_path.dart
DA:2,0
LF:1
LH:0
end_of_record
